<?xml version="1.0" encoding="UTF-8"?>
<!-- Generated by org.testng.reporters.JUnitXMLReporter -->
<testsuite hostname="DESKTOP-488FP15" ignored="2" name="Test" tests="6" failures="2" timestamp="2020-01-19T10:57:16 IST" time="27.446" errors="0">
  <testcase name="testD" time="3.136" classname="extent1.Demo1"/>
  <testcase name="testE" time="2.319" classname="extent1.Demo1"/>
  <testcase name="testF" time="0.49" classname="extent1.Demo1">
    <failure type="java.lang.AssertionError" message="null">
      <![CDATA[java.lang.AssertionError: null
at extent1.Demo1.testF(Demo1.java:84)
at java.util.ArrayList.forEach(ArrayList.java:1257)
... Removed 29 stack frames]]>
    </failure>
  </testcase> <!-- testF -->
  <testcase name="testA" time="3.066" classname="extent1.Demo"/>
  <testcase name="testB" time="2.39" classname="extent1.Demo"/>
  <testcase name="testC" time="0.609" classname="extent1.Demo">
    <failure type="java.lang.AssertionError" message="null">
      <![CDATA[java.lang.AssertionError: null
at extent1.Demo.testC(Demo.java:87)
at java.util.ArrayList.forEach(ArrayList.java:1257)
... Removed 29 stack frames]]>
    </failure>
  </testcase> <!-- testC -->
  <testcase name="@BeforeTest preTestBlock" time="0.0" classname="extent1.BaseTest">
    <ignored/>
  </testcase> <!-- @BeforeTest preTestBlock -->
  <testcase name="@AfterTest postTestBlock" time="0.0" classname="extent1.BaseTest">
    <ignored/>
  </testcase> <!-- @AfterTest postTestBlock -->
</testsuite> <!-- Test -->
