<?xml version="1.0" encoding="UTF-8"?>
<testng-results skipped="0" failed="2" ignored="2" total="8" passed="4">
  <reporter-output>
  </reporter-output>
  <suite name="Suite" duration-ms="27446" started-at="2020-01-19T10:56:49 IST" finished-at="2020-01-19T10:57:16 IST">
    <groups>
    </groups>
    <test name="Test" duration-ms="27446" started-at="2020-01-19T10:56:49 IST" finished-at="2020-01-19T10:57:16 IST">
      <class name="extent1.Demo">
        <test-method status="PASS" signature="preClass()[pri:0, instance:extent1.Demo@33afa13b]" name="preClass" is-config="true" duration-ms="4308" started-at="2020-01-19T10:57:02 IST" finished-at="2020-01-19T10:57:07 IST">
          <reporter-output>
          </reporter-output>
        </test-method> <!-- preClass -->
        <test-method status="PASS" signature="testA()[pri:0, instance:extent1.Demo@33afa13b]" name="testA" duration-ms="3066" started-at="2020-01-19T10:57:07 IST" finished-at="2020-01-19T10:57:10 IST">
          <reporter-output>
          </reporter-output>
        </test-method> <!-- testA -->
        <test-method status="PASS" signature="postMethod(org.testng.ITestResult)[pri:0, instance:extent1.Demo@33afa13b]" name="postMethod" is-config="true" duration-ms="0" started-at="2020-01-19T10:57:10 IST" finished-at="2020-01-19T10:57:10 IST">
          <params>
            <param index="0">
              <value>
                <![CDATA[[TestResult name=testA status=SUCCESS method=Demo.testA()[pri:0, instance:extent1.Demo@33afa13b] output={null}]]]>
              </value>
            </param>
          </params>
          <reporter-output>
          </reporter-output>
        </test-method> <!-- postMethod -->
        <test-method status="PASS" signature="testB()[pri:0, instance:extent1.Demo@33afa13b]" name="testB" duration-ms="2390" started-at="2020-01-19T10:57:10 IST" finished-at="2020-01-19T10:57:12 IST">
          <reporter-output>
          </reporter-output>
        </test-method> <!-- testB -->
        <test-method status="PASS" signature="postMethod(org.testng.ITestResult)[pri:0, instance:extent1.Demo@33afa13b]" name="postMethod" is-config="true" duration-ms="1" started-at="2020-01-19T10:57:12 IST" finished-at="2020-01-19T10:57:12 IST">
          <params>
            <param index="0">
              <value>
                <![CDATA[[TestResult name=testB status=SUCCESS method=Demo.testB()[pri:0, instance:extent1.Demo@33afa13b] output={null}]]]>
              </value>
            </param>
          </params>
          <reporter-output>
          </reporter-output>
        </test-method> <!-- postMethod -->
        <test-method status="FAIL" signature="testC()[pri:0, instance:extent1.Demo@33afa13b]" name="testC" duration-ms="609" started-at="2020-01-19T10:57:12 IST" finished-at="2020-01-19T10:57:13 IST">
          <exception class="java.lang.AssertionError">
            <message>
              <![CDATA[null]]>
            </message>
            <full-stacktrace>
              <![CDATA[java.lang.AssertionError: null
at org.testng.Assert.fail(Assert.java:97)
at org.testng.Assert.fail(Assert.java:102)
at extent1.Demo.testC(Demo.java:87)
at sun.reflect.NativeMethodAccessorImpl.invoke0(Native Method)
at sun.reflect.NativeMethodAccessorImpl.invoke(NativeMethodAccessorImpl.java:62)
at sun.reflect.DelegatingMethodAccessorImpl.invoke(DelegatingMethodAccessorImpl.java:43)
at java.lang.reflect.Method.invoke(Method.java:498)
at org.testng.internal.MethodInvocationHelper.invokeMethod(MethodInvocationHelper.java:133)
at org.testng.internal.TestInvoker.invokeMethod(TestInvoker.java:584)
at org.testng.internal.TestInvoker.invokeTestMethod(TestInvoker.java:172)
at org.testng.internal.MethodRunner.runInSequence(MethodRunner.java:46)
at org.testng.internal.TestInvoker$MethodInvocationAgent.invoke(TestInvoker.java:804)
at org.testng.internal.TestInvoker.invokeTestMethods(TestInvoker.java:145)
at org.testng.internal.TestMethodWorker.invokeTestMethods(TestMethodWorker.java:146)
at org.testng.internal.TestMethodWorker.run(TestMethodWorker.java:128)
at java.util.ArrayList.forEach(ArrayList.java:1257)
at org.testng.TestRunner.privateRun(TestRunner.java:770)
at org.testng.TestRunner.run(TestRunner.java:591)
at org.testng.SuiteRunner.runTest(SuiteRunner.java:402)
at org.testng.SuiteRunner.runSequentially(SuiteRunner.java:396)
at org.testng.SuiteRunner.privateRun(SuiteRunner.java:355)
at org.testng.SuiteRunner.run(SuiteRunner.java:304)
at org.testng.SuiteRunnerWorker.runSuite(SuiteRunnerWorker.java:53)
at org.testng.SuiteRunnerWorker.run(SuiteRunnerWorker.java:96)
at org.testng.TestNG.runSuitesSequentially(TestNG.java:1180)
at org.testng.TestNG.runSuitesLocally(TestNG.java:1102)
at org.testng.TestNG.runSuites(TestNG.java:1032)
at org.testng.TestNG.run(TestNG.java:1000)
at org.testng.remote.AbstractRemoteTestNG.run(AbstractRemoteTestNG.java:115)
at org.testng.remote.RemoteTestNG.initAndRun(RemoteTestNG.java:251)
at org.testng.remote.RemoteTestNG.main(RemoteTestNG.java:77)
]]>
            </full-stacktrace>
          </exception> <!-- java.lang.AssertionError -->
          <reporter-output>
          </reporter-output>
        </test-method> <!-- testC -->
        <test-method status="PASS" signature="postMethod(org.testng.ITestResult)[pri:0, instance:extent1.Demo@33afa13b]" name="postMethod" is-config="true" duration-ms="561" started-at="2020-01-19T10:57:13 IST" finished-at="2020-01-19T10:57:13 IST">
          <params>
            <param index="0">
              <value>
                <![CDATA[[TestResult name=testC status=FAILURE method=Demo.testC()[pri:0, instance:extent1.Demo@33afa13b] output={null}]]]>
              </value>
            </param>
          </params>
          <reporter-output>
          </reporter-output>
        </test-method> <!-- postMethod -->
        <test-method status="PASS" signature="postClass()[pri:0, instance:extent1.Demo@33afa13b]" name="postClass" is-config="true" duration-ms="2143" started-at="2020-01-19T10:57:13 IST" finished-at="2020-01-19T10:57:16 IST">
          <reporter-output>
          </reporter-output>
        </test-method> <!-- postClass -->
      </class> <!-- extent1.Demo -->
      <class name="extent1.Demo1">
        <test-method status="PASS" signature="preTestBlock()[pri:0, instance:extent1.Demo1@47542153]" name="preTestBlock" is-config="true" duration-ms="93" started-at="2020-01-19T10:56:49 IST" finished-at="2020-01-19T10:56:49 IST">
          <reporter-output>
          </reporter-output>
        </test-method> <!-- preTestBlock -->
        <test-method status="PASS" signature="preClass()[pri:0, instance:extent1.Demo1@47542153]" name="preClass" is-config="true" duration-ms="5263" started-at="2020-01-19T10:56:49 IST" finished-at="2020-01-19T10:56:54 IST">
          <reporter-output>
          </reporter-output>
        </test-method> <!-- preClass -->
        <test-method status="PASS" signature="testD()[pri:0, instance:extent1.Demo1@47542153]" name="testD" duration-ms="3136" started-at="2020-01-19T10:56:54 IST" finished-at="2020-01-19T10:56:57 IST">
          <reporter-output>
          </reporter-output>
        </test-method> <!-- testD -->
        <test-method status="PASS" signature="postMethod(org.testng.ITestResult)[pri:0, instance:extent1.Demo1@47542153]" name="postMethod" is-config="true" duration-ms="2" started-at="2020-01-19T10:56:57 IST" finished-at="2020-01-19T10:56:57 IST">
          <params>
            <param index="0">
              <value>
                <![CDATA[[TestResult name=testD status=SUCCESS method=Demo1.testD()[pri:0, instance:extent1.Demo1@47542153] output={null}]]]>
              </value>
            </param>
          </params>
          <reporter-output>
          </reporter-output>
        </test-method> <!-- postMethod -->
        <test-method status="PASS" signature="testE()[pri:0, instance:extent1.Demo1@47542153]" name="testE" duration-ms="2319" started-at="2020-01-19T10:56:57 IST" finished-at="2020-01-19T10:56:59 IST">
          <reporter-output>
          </reporter-output>
        </test-method> <!-- testE -->
        <test-method status="PASS" signature="postMethod(org.testng.ITestResult)[pri:0, instance:extent1.Demo1@47542153]" name="postMethod" is-config="true" duration-ms="0" started-at="2020-01-19T10:56:59 IST" finished-at="2020-01-19T10:56:59 IST">
          <params>
            <param index="0">
              <value>
                <![CDATA[[TestResult name=testE status=SUCCESS method=Demo1.testE()[pri:0, instance:extent1.Demo1@47542153] output={null}]]]>
              </value>
            </param>
          </params>
          <reporter-output>
          </reporter-output>
        </test-method> <!-- postMethod -->
        <test-method status="FAIL" signature="testF()[pri:0, instance:extent1.Demo1@47542153]" name="testF" duration-ms="490" started-at="2020-01-19T10:56:59 IST" finished-at="2020-01-19T10:57:00 IST">
          <exception class="java.lang.AssertionError">
            <message>
              <![CDATA[null]]>
            </message>
            <full-stacktrace>
              <![CDATA[java.lang.AssertionError: null
at org.testng.Assert.fail(Assert.java:97)
at org.testng.Assert.fail(Assert.java:102)
at extent1.Demo1.testF(Demo1.java:84)
at sun.reflect.NativeMethodAccessorImpl.invoke0(Native Method)
at sun.reflect.NativeMethodAccessorImpl.invoke(NativeMethodAccessorImpl.java:62)
at sun.reflect.DelegatingMethodAccessorImpl.invoke(DelegatingMethodAccessorImpl.java:43)
at java.lang.reflect.Method.invoke(Method.java:498)
at org.testng.internal.MethodInvocationHelper.invokeMethod(MethodInvocationHelper.java:133)
at org.testng.internal.TestInvoker.invokeMethod(TestInvoker.java:584)
at org.testng.internal.TestInvoker.invokeTestMethod(TestInvoker.java:172)
at org.testng.internal.MethodRunner.runInSequence(MethodRunner.java:46)
at org.testng.internal.TestInvoker$MethodInvocationAgent.invoke(TestInvoker.java:804)
at org.testng.internal.TestInvoker.invokeTestMethods(TestInvoker.java:145)
at org.testng.internal.TestMethodWorker.invokeTestMethods(TestMethodWorker.java:146)
at org.testng.internal.TestMethodWorker.run(TestMethodWorker.java:128)
at java.util.ArrayList.forEach(ArrayList.java:1257)
at org.testng.TestRunner.privateRun(TestRunner.java:770)
at org.testng.TestRunner.run(TestRunner.java:591)
at org.testng.SuiteRunner.runTest(SuiteRunner.java:402)
at org.testng.SuiteRunner.runSequentially(SuiteRunner.java:396)
at org.testng.SuiteRunner.privateRun(SuiteRunner.java:355)
at org.testng.SuiteRunner.run(SuiteRunner.java:304)
at org.testng.SuiteRunnerWorker.runSuite(SuiteRunnerWorker.java:53)
at org.testng.SuiteRunnerWorker.run(SuiteRunnerWorker.java:96)
at org.testng.TestNG.runSuitesSequentially(TestNG.java:1180)
at org.testng.TestNG.runSuitesLocally(TestNG.java:1102)
at org.testng.TestNG.runSuites(TestNG.java:1032)
at org.testng.TestNG.run(TestNG.java:1000)
at org.testng.remote.AbstractRemoteTestNG.run(AbstractRemoteTestNG.java:115)
at org.testng.remote.RemoteTestNG.initAndRun(RemoteTestNG.java:251)
at org.testng.remote.RemoteTestNG.main(RemoteTestNG.java:77)
]]>
            </full-stacktrace>
          </exception> <!-- java.lang.AssertionError -->
          <reporter-output>
          </reporter-output>
        </test-method> <!-- testF -->
        <test-method status="PASS" signature="postMethod(org.testng.ITestResult)[pri:0, instance:extent1.Demo1@47542153]" name="postMethod" is-config="true" duration-ms="474" started-at="2020-01-19T10:57:00 IST" finished-at="2020-01-19T10:57:00 IST">
          <params>
            <param index="0">
              <value>
                <![CDATA[[TestResult name=testF status=FAILURE method=Demo1.testF()[pri:0, instance:extent1.Demo1@47542153] output={null}]]]>
              </value>
            </param>
          </params>
          <reporter-output>
          </reporter-output>
        </test-method> <!-- postMethod -->
        <test-method status="PASS" signature="postClass()[pri:0, instance:extent1.Demo1@47542153]" name="postClass" is-config="true" duration-ms="2133" started-at="2020-01-19T10:57:00 IST" finished-at="2020-01-19T10:57:02 IST">
          <reporter-output>
          </reporter-output>
        </test-method> <!-- postClass -->
        <test-method status="PASS" signature="postTestBlock()[pri:0, instance:extent1.Demo1@47542153]" name="postTestBlock" is-config="true" duration-ms="390" started-at="2020-01-19T10:57:16 IST" finished-at="2020-01-19T10:57:16 IST">
          <reporter-output>
          </reporter-output>
        </test-method> <!-- postTestBlock -->
      </class> <!-- extent1.Demo1 -->
    </test> <!-- Test -->
  </suite> <!-- Suite -->
</testng-results>
